<?xml version="1.0" encoding="UTF-8"?>
<!-- Generated by org.testng.reporters.JUnitReportReporter -->
<testsuite skipped="0" hostname="DESKTOP-J6JSICM" name="academy.NavigationBarTC" tests="1" failures="0" timestamp="2020-01-30T16:18:19 IST" time="0.136" errors="0">
  <testcase name="verifyTitle" time="0.136" classname="academy.NavigationBarTC"/>
</testsuite> <!-- academy.NavigationBarTC -->
