<?xml version="1.0" encoding="UTF-8"?>
<!-- Generated by org.testng.reporters.JUnitReportReporter -->
<testsuite skipped="0" hostname="DESKTOP-J6JSICM" name="com.E2E.app.ValidateTitleTC" tests="1" failures="0" timestamp="2020-01-29T23:33:55 IST" time="0.186" errors="0">
  <testcase name="verifyTitle" time="0.186" classname="com.E2E.app.ValidateTitleTC"/>
</testsuite> <!-- com.E2E.app.ValidateTitleTC -->
