<?xml version="1.0" encoding="UTF-8"?>
<!-- Generated by org.testng.reporters.JUnitReportReporter -->
<testsuite skipped="0" hostname="DESKTOP-J6JSICM" name="com.E2E.app.HomePage" tests="1" failures="0" timestamp="2020-01-22T23:14:10 IST" time="12.070" errors="0">
  <testcase name="nevgationToBrowser" time="12.070" classname="com.E2E.app.HomePage"/>
</testsuite> <!-- com.E2E.app.HomePage -->
