<?xml version="1.0" encoding="UTF-8"?>
<!-- Generated by org.testng.reporters.JUnitReportReporter -->
<testsuite skipped="1" hostname="DESKTOP-J6JSICM" name="com.E2E.app.AcademyTC_01" tests="1" failures="0" timestamp="2020-01-27T22:46:41 IST" time="0.000" errors="0">
  <testcase name="nevgationToBrowser" time="0.000" classname="com.E2E.app.AcademyTC_01">
    <skipped/>
  </testcase> <!-- nevgationToBrowser -->
</testsuite> <!-- com.E2E.app.AcademyTC_01 -->
