<?xml version="1.0" encoding="UTF-8"?>
<!-- Generated by org.testng.reporters.JUnitReportReporter -->
<testsuite skipped="0" hostname="DESKTOP-J6JSICM" name="academy.HomePageTC" tests="1" failures="0" timestamp="2020-02-10T21:00:50 IST" time="14.839" errors="0">
  <testcase name="nevgationToBrowser" time="14.839" classname="academy.HomePageTC"/>
</testsuite> <!-- academy.HomePageTC -->
