<?xml version="1.0" encoding="UTF-8"?>
<!-- Generated by org.testng.reporters.JUnitReportReporter -->
<testsuite skipped="0" hostname="DESKTOP-J6JSICM" name="academy.DataProviderEx" tests="2" failures="0" timestamp="2020-02-10T21:00:50 IST" time="33.719" errors="0">
  <testcase name="nevgationToBrowser" time="24.649" classname="academy.DataProviderEx"/>
  <testcase name="nevgationToBrowser" time="9.070" classname="academy.DataProviderEx"/>
</testsuite> <!-- academy.DataProviderEx -->
